     1                                  ; Program Name: Strings
     2                                  ; Subject: CPSC 240-03 <Strings>
     3                                  ; This program demonstrates string operations with fgets.
     4                                  
     5                                  ; Copyright (C) 2023 Kelsey Dang
     6                                  
     7                                  ; This program is free software: you can redistribute it and/or modify it under the terms of the GNU General Public
     8                                  ; License version 3 as published by the Free Software Foundation.  This program is distributed in the hope that it
     9                                  ; will be useful, but WITHOUT ANY WARRANTY; without even the implied warranty of MERCHANTABILITY or FITNESS FOR A
    10                                  ; PARTICULAR PURPOSE.  See the GNU General Public License for more details.  A copy of the GNU General Public
    11                                  ; License v3 is available here:  <https://www.gnu.org/licenses/>.
    12                                  
    13                                  ; Author Information
    14                                  ;   Author: Kelsey Dang
    15                                  ;   Email: kdangdo2002@csu.fullerton.edu
    16                                  ;
    17                                  ; Program Information
    18                                  ;   Program Name: Strings
    19                                  ;   Program Languages: C, Assembly X86-64, bash
    20                                  ;   Due Date: 11/12/23
    21                                  ;   Operating System: Tuffix VM on Windows 10 computer
    22                                  
    23                                  ; Purpose
    24                                  ;   This is the faraday file calls isfloat.asm in Strings.
    25                                  ;   This file gets called by ampere.c.
    26                                  
    27                                  ; File Information
    28                                  ;   Filename: faraday.asm
    29                                  ;   Language: Assembly X86-64
    30                                  ;   Compile: nasm -f elf64 -l faraday.lis -o faraday.o faraday.asm
    31                                  ;   Link: gcc -m64 -fno-pie -no-pie -std=c17 -o a.out ampere.o faraday.o isfloat.o
    32                                  
    33                                  global show_array
    34                                  extern printf
    35                                  
    36                                  segment .data
    37 00000000 73686F775F61727261-     labels db "show_array: IEEE754                Scientific Decimal", 10, 0
    37 00000009 793A20494545453735-
    37 00000012 342020202020202020-
    37 0000001B 202020202020202053-
    37 00000024 6369656E7469666963-
    37 0000002D 20446563696D616C0A-
    37 00000036 00                 
    38 00000037 73686F775F61727261-     data_format db "show_array: 0x%016lx     %-18.13g", 10, 0
    38 00000040 793A20307825303136-
    38 00000049 6C782020202020252D-
    38 00000052 31382E3133670A00   
    39                                  
    40 0000005A 256C6600                floatform db "%lf", 0
    41 0000005E 257300                  stringform db "%s", 0
    42                                  
    43                                  segment .bss
    44                                  align 64
    45 00000000 <res 00000340>          backuparea resb 832
    46                                  
    47                                  segment .text
    48                                  show_array:
    49                                  
    50                                  ; ============= Backup GPRs ============================
    51 00000000 55                      push rbp
    52 00000001 4889E5                  mov rbp, rsp
    53 00000004 53                      push rbx
    54 00000005 51                      push rcx
    55 00000006 52                      push rdx
    56 00000007 56                      push rsi
    57 00000008 57                      push rdi
    58 00000009 4150                    push r8
    59 0000000B 4151                    push r9
    60 0000000D 4152                    push r10
    61 0000000F 4153                    push r11
    62 00000011 4154                    push r12
    63 00000013 4155                    push r13
    64 00000015 4156                    push r14
    65 00000017 4157                    push r15
    66 00000019 9C                      pushf
    67                                  
    68                                  ; =============== xsave =================================
    69 0000001A B807000000              mov rax, 7
    70 0000001F BA00000000              mov rdx, 0
    71 00000024 0FAE2425[00000000]      xsave [backuparea]
    72                                  
    73                                  ; =============== show_array ============================
    74 0000002C 4D31ED                  xor r13, r13            ; index starting at 0
    75 0000002F 4989FE                  mov r14, rdi            ; num_array
    76 00000032 4989F7                  mov r15, rsi            ; size of num_array
    77                                  
    78                                  ; print label
    79 00000035 B800000000              mov rax, 0
    80 0000003A 48BF-                   mov rdi, labels
    80 0000003C [0000000000000000] 
    81 00000044 48BE-                   mov rsi, stringform
    81 00000046 [5E00000000000000] 
    82 0000004E E8(00000000)            call printf
    83                                  
    84                                  beginloop:
    85 00000053 4D39FD                    cmp r13, r15          ; if index reaches size of num_array
    86 00000056 7D23                      jge endloop           ; jump to end of loop
    87                                  
    88 00000058 B801000000                mov rax, 1
    89 0000005D 48BF-                     mov rdi, data_format
    89 0000005F [3700000000000000] 
    90 00000067 4B8B34EE                  mov rsi, [r14+8*r13]
    91 0000006B F2430F1004EE              movsd xmm0, [r14+8*r13]
    92 00000071 E8(00000000)              call printf
    93 00000076 49FFC5                    inc r13
    94 00000079 EBD8                      jmp beginloop
    95                                  
    96                                  endloop:
    97                                  
    98                                  ; =============== xrstor ================================
    99 0000007B B807000000              mov rax, 7
   100 00000080 BA00000000              mov rdx, 0
   101 00000085 0FAE2C25[00000000]      xrstor [backuparea]
   102                                  
   103                                  ; =============== Restore GPRs ==========================
   104 0000008D 9D                      popf
   105 0000008E 415F                    pop r15
   106 00000090 415E                    pop r14
   107 00000092 415D                    pop r13
   108 00000094 415C                    pop r12
   109 00000096 415B                    pop r11
   110 00000098 415A                    pop r10
   111 0000009A 4159                    pop r9
   112 0000009C 4158                    pop r8
   113 0000009E 5F                      pop rdi
   114 0000009F 5E                      pop rsi
   115 000000A0 5A                      pop rdx
   116 000000A1 59                      pop rcx
   117 000000A2 5B                      pop rbx
   118 000000A3 5D                      pop rbp
   119                                  
   120 000000A4 C3                      ret
